{"message":"::1 - - [28/Apr/2021:02:50:05 +0000] \"GET / HTTP/1.1\" 304 - \"-\" \"Mozilla/5.0 (Macintosh; Intel Mac OS X 11_2_3) AppleWebKit/537.36 (KHTML, like Gecko) Chrome/89.0.4389.114 Safari/537.36 Edg/89.0.774.68\"\n","level":"info"}
{"message":"Server is listning on port 4000.","level":"info"}
{"message":"Server is listning on port 4000.","level":"info"}
{"message":"Server is listning on port 4000.","level":"info"}
{"message":"Server is listning on port 4000.","level":"info"}
{"message":"Server is listning on port 4000.","level":"info"}
{"message":"Server is listning on port 4000.","level":"info"}
{"message":"Server is listning on port 4000.","level":"info"}
{"message":"Server is listning on port 4000.","level":"info"}
{"message":"Server is listning on port 4000.","level":"info"}
{"message":"Server is listning on port 4000.","level":"info"}
{"message":"Server is listning on port 4000.","level":"info"}
{"message":"::1 - - [28/Apr/2021:08:13:45 +0000] \"GET / HTTP/1.1\" 304 - \"-\" \"Mozilla/5.0 (Macintosh; Intel Mac OS X 11_2_3) AppleWebKit/537.36 (KHTML, like Gecko) Chrome/89.0.4389.114 Safari/537.36 Edg/89.0.774.68\"\n","level":"info"}
{"message":"::1 - - [28/Apr/2021:08:14:02 +0000] \"GET /users/jhon@test.com HTTP/1.1\" 404 158 \"-\" \"Mozilla/5.0 (Macintosh; Intel Mac OS X 11_2_3) AppleWebKit/537.36 (KHTML, like Gecko) Chrome/89.0.4389.114 Safari/537.36 Edg/89.0.774.68\"\n","level":"info"}
{"message":"Missing parameter: email cannot be empty","level":"error"}
{"message":"::1 - - [28/Apr/2021:08:14:45 +0000] \"GET /api/users/jhon@test.com HTTP/1.1\" 400 36 \"-\" \"Mozilla/5.0 (Macintosh; Intel Mac OS X 11_2_3) AppleWebKit/537.36 (KHTML, like Gecko) Chrome/89.0.4389.114 Safari/537.36 Edg/89.0.774.68\"\n","level":"info"}
{"message":"Server is listning on port 4000.","level":"info"}
{"message":"Server is listning on port 4000.","level":"info"}
{"message":"Missing parameter: email cannot be empty","level":"error"}
{"message":"::1 - - [28/Apr/2021:08:23:11 +0000] \"GET /api/users/jhon@test.com HTTP/1.1\" 400 36 \"-\" \"Mozilla/5.0 (Macintosh; Intel Mac OS X 11_2_3) AppleWebKit/537.36 (KHTML, like Gecko) Chrome/89.0.4389.114 Safari/537.36 Edg/89.0.774.68\"\n","level":"info"}
{"message":"Server is listning on port 4000.","level":"info"}
{"message":"::1 - - [28/Apr/2021:08:23:43 +0000] \"GET /api/users/jhon@test.com HTTP/1.1\" 200 49 \"-\" \"Mozilla/5.0 (Macintosh; Intel Mac OS X 11_2_3) AppleWebKit/537.36 (KHTML, like Gecko) Chrome/89.0.4389.114 Safari/537.36 Edg/89.0.774.68\"\n","level":"info"}
{"message":"Server is listning on port 4000.","level":"info"}
{"message":"Server is listning on port 4000.","level":"info"}
{"message":"Server is listning on port 4000.","level":"info"}
{"message":"Server is listning on port 4000.","level":"info"}
{"message":"Server is listning on port 4000.","level":"info"}
{"message":"Server is listning on port 4000.","level":"info"}
{"message":"::1 - - [28/Apr/2021:09:20:41 +0000] \"GET /api/users/jhon@test.com HTTP/1.1\" 200 - \"-\" \"Mozilla/5.0 (Macintosh; Intel Mac OS X 11_2_3) AppleWebKit/537.36 (KHTML, like Gecko) Chrome/89.0.4389.114 Safari/537.36 Edg/89.0.774.68\"\n","level":"info"}
{"message":"::1 - - [28/Apr/2021:09:22:01 +0000] \"GET /api/users/jhon@test.com HTTP/1.1\" 200 - \"-\" \"Mozilla/5.0 (Macintosh; Intel Mac OS X 11_2_3) AppleWebKit/537.36 (KHTML, like Gecko) Chrome/89.0.4389.114 Safari/537.36 Edg/89.0.774.68\"\n","level":"info"}
{"message":"Server is listning on port 4000.","level":"info"}
{"message":"Server is listning on port 4000.","level":"info"}
{"message":"::1 - - [28/Apr/2021:09:23:05 +0000] \"GET /api/users/jhon@test.com HTTP/1.1\" 200 - \"-\" \"Mozilla/5.0 (Macintosh; Intel Mac OS X 11_2_3) AppleWebKit/537.36 (KHTML, like Gecko) Chrome/89.0.4389.114 Safari/537.36 Edg/89.0.774.68\"\n","level":"info"}
{"message":"::1 - - [28/Apr/2021:09:24:20 +0000] \"GET /api/users/jhon@test.com HTTP/1.1\" 200 - \"-\" \"Mozilla/5.0 (Macintosh; Intel Mac OS X 11_2_3) AppleWebKit/537.36 (KHTML, like Gecko) Chrome/89.0.4389.114 Safari/537.36 Edg/89.0.774.68\"\n","level":"info"}
{"message":"Server is listning on port 4000.","level":"info"}
{"message":"Server is listning on port 4000.","level":"info"}
{"message":"::1 - - [28/Apr/2021:09:48:38 +0000] \"GET /api/users/jhon@test.com HTTP/1.1\" 200 49 \"-\" \"Mozilla/5.0 (Macintosh; Intel Mac OS X 11_2_3) AppleWebKit/537.36 (KHTML, like Gecko) Chrome/89.0.4389.114 Safari/537.36 Edg/89.0.774.68\"\n","level":"info"}
{"message":"Server is listning on port 4000.","level":"info"}
{"message":"Server is listning on port 4000.","level":"info"}
{"message":"Server is listning on port 4000.","level":"info"}
{"message":"::1 - - [28/Apr/2021:15:51:11 +0000] \"POST /api/users HTTP/1.1\" 200 27 \"-\" \"PostmanRuntime/7.26.8\"\n","level":"info"}
{"message":"::1 - - [28/Apr/2021:15:53:59 +0000] \"POST /api/users HTTP/1.1\" 200 27 \"-\" \"PostmanRuntime/7.26.8\"\n","level":"info"}
{"message":"::1 - - [28/Apr/2021:15:56:23 +0000] \"POST /api/users HTTP/1.1\" 200 27 \"-\" \"PostmanRuntime/7.26.8\"\n","level":"info"}
{"message":"Server is listning on port 4000.","level":"info"}
{"message":"::1 - - [28/Apr/2021:15:58:01 +0000] \"POST /api/users HTTP/1.1\" 200 101 \"-\" \"PostmanRuntime/7.26.8\"\n","level":"info"}
{"message":"Server is listning on port 4000.","level":"info"}
{"name":"SequelizeUniqueConstraintError","errors":[{"message":"PRIMARY must be unique","type":"unique violation","path":"PRIMARY","value":"johnny@test.com","origin":"DB","instance":{"email":"johnny@test.com","password":"$2a$08$myv6qy85XepM73MYjfPA2u5r/GFhdTU0SeffZsADYUM1r0rC1Pei."},"validatorKey":"not_unique","validatorName":null,"validatorArgs":[]}],"fields":{"PRIMARY":"johnny@test.com"},"parent":{"code":"ER_DUP_ENTRY","errno":1062,"sqlState":"23000","sqlMessage":"Duplicate entry 'johnny@test.com' for key 'PRIMARY'","sql":"INSERT INTO `users` (`email`,`password`) VALUES (?,?);","parameters":["johnny@test.com","$2a$08$myv6qy85XepM73MYjfPA2u5r/GFhdTU0SeffZsADYUM1r0rC1Pei."]},"original":{"code":"ER_DUP_ENTRY","errno":1062,"sqlState":"23000","sqlMessage":"Duplicate entry 'johnny@test.com' for key 'PRIMARY'","sql":"INSERT INTO `users` (`email`,`password`) VALUES (?,?);","parameters":["johnny@test.com","$2a$08$myv6qy85XepM73MYjfPA2u5r/GFhdTU0SeffZsADYUM1r0rC1Pei."]},"sql":"INSERT INTO `users` (`email`,`password`) VALUES (?,?);","level":"error"}
{"message":"::1 - - [29/Apr/2021:02:37:00 +0000] \"POST /api/users HTTP/1.1\" 500 30 \"-\" \"PostmanRuntime/7.26.8\"\n","level":"info"}
{"message":"Server is listning on port 4000.","level":"info"}
{"message":"::1 - - [29/Apr/2021:02:39:02 +0000] \"POST /api/users HTTP/1.1\" 201 56 \"-\" \"PostmanRuntime/7.26.8\"\n","level":"info"}
{"message":"::1 - - [29/Apr/2021:02:40:09 +0000] \"POST /api/users HTTP/1.1\" 201 54 \"-\" \"PostmanRuntime/7.26.8\"\n","level":"info"}
{"message":"::1 - - [29/Apr/2021:02:40:26 +0000] \"POST /api/users HTTP/1.1\" 201 55 \"-\" \"PostmanRuntime/7.26.8\"\n","level":"info"}
{"message":"Server is listning on port 4000.","level":"info"}
{"message":"Server is listning on port 4000.","level":"info"}
{"message":"Server is listning on port 4000.","level":"info"}
{"message":"Server is listning on port 4000.","level":"info"}
{"message":"Server is listning on port 4000.","level":"info"}
{"message":"Server is listning on port 4000.","level":"info"}
{"message":"Server is listning on port 4000.","level":"info"}
{"message":"Server is listning on port 4000.","level":"info"}
{"message":"::1 - - [29/Apr/2021:07:06:01 +0000] \"POST /api/users/auth HTTP/1.1\" 200 433 \"-\" \"PostmanRuntime/7.26.8\"\n","level":"info"}
{"message":"Server is listning on port 4000.","level":"info"}
{"message":"Server is listning on port 4000.","level":"info"}
{"message":"Server is listning on port 4000.","level":"info"}
{"message":"Server is listning on port 4000.","level":"info"}
{"message":"Server is listning on port 4000.","level":"info"}
{"message":"::1 - - [29/Apr/2021:09:14:38 +0000] \"POST /api/users/refresh HTTP/1.1\" 200 289 \"-\" \"PostmanRuntime/7.26.8\"\n","level":"info"}
{"message":"::1 - - [29/Apr/2021:09:16:28 +0000] \"POST /api/users/refresh HTTP/1.1\" 200 289 \"-\" \"PostmanRuntime/7.26.8\"\n","level":"info"}
{"message":"Server is listning on port 4000.","level":"info"}
{"message":"::1 - - [29/Apr/2021:09:17:48 +0000] \"POST /api/users/auth HTTP/1.1\" 200 499 \"-\" \"PostmanRuntime/7.26.8\"\n","level":"info"}
{"message":"::1 - - [29/Apr/2021:09:18:39 +0000] \"POST /api/users/refresh HTTP/1.1\" 200 499 \"-\" \"PostmanRuntime/7.26.8\"\n","level":"info"}
{"name":"JsonWebTokenError","message":"invalid signature","level":"error"}
{"message":"::1 - - [29/Apr/2021:09:19:01 +0000] \"POST /api/users/refresh HTTP/1.1\" 500 31 \"-\" \"PostmanRuntime/7.26.8\"\n","level":"info"}
{"message":"Server is listning on port 4000.","level":"info"}
{"error":{},"level":"error","message":"uncaughtException: Cannot read property 'headers' of undefined\nTypeError: Cannot read property 'headers' of undefined\n    at exports.authenticate (/Users/lilanga/Codebase/resync/country-details-api/middleware/authorize.js:5:26)\n    at module.exports (/Users/lilanga/Codebase/resync/country-details-api/routes/user.routes.js:16:25)\n    at Object.<anonymous> (/Users/lilanga/Codebase/resync/country-details-api/app.js:25:32)\n    at Module._compile (internal/modules/cjs/loader.js:1133:30)\n    at Object.Module._extensions..js (internal/modules/cjs/loader.js:1153:10)\n    at Module.load (internal/modules/cjs/loader.js:977:32)\n    at Function.Module._load (internal/modules/cjs/loader.js:877:14)\n    at Function.executeUserEntryPoint [as runMain] (internal/modules/run_main.js:74:12)\n    at internal/main/run_main_module.js:18:47","stack":"TypeError: Cannot read property 'headers' of undefined\n    at exports.authenticate (/Users/lilanga/Codebase/resync/country-details-api/middleware/authorize.js:5:26)\n    at module.exports (/Users/lilanga/Codebase/resync/country-details-api/routes/user.routes.js:16:25)\n    at Object.<anonymous> (/Users/lilanga/Codebase/resync/country-details-api/app.js:25:32)\n    at Module._compile (internal/modules/cjs/loader.js:1133:30)\n    at Object.Module._extensions..js (internal/modules/cjs/loader.js:1153:10)\n    at Module.load (internal/modules/cjs/loader.js:977:32)\n    at Function.Module._load (internal/modules/cjs/loader.js:877:14)\n    at Function.executeUserEntryPoint [as runMain] (internal/modules/run_main.js:74:12)\n    at internal/main/run_main_module.js:18:47","exception":true,"date":"Thu Apr 29 2021 17:46:49 GMT+0800 (Singapore Standard Time)","process":{"pid":90704,"uid":502,"gid":20,"cwd":"/Users/lilanga/Codebase/resync/country-details-api","execPath":"/Users/lilanga/.nvm/versions/node/v12.16.3/bin/node","version":"v12.16.3","argv":["/Users/lilanga/.nvm/versions/node/v12.16.3/bin/node","/Users/lilanga/Codebase/resync/country-details-api/app.js"],"memoryUsage":{"rss":57630720,"heapTotal":33931264,"heapUsed":15447696,"external":1359245}},"os":{"loadavg":[1.974609375,1.8681640625,1.78955078125],"uptime":2084006},"trace":[{"column":26,"file":"/Users/lilanga/Codebase/resync/country-details-api/middleware/authorize.js","function":"exports.authenticate","line":5,"method":"authenticate","native":false},{"column":25,"file":"/Users/lilanga/Codebase/resync/country-details-api/routes/user.routes.js","function":"module.exports","line":16,"method":"exports","native":false},{"column":32,"file":"/Users/lilanga/Codebase/resync/country-details-api/app.js","function":null,"line":25,"method":null,"native":false},{"column":30,"file":"internal/modules/cjs/loader.js","function":"Module._compile","line":1133,"method":"_compile","native":false},{"column":10,"file":"internal/modules/cjs/loader.js","function":"Module._extensions..js","line":1153,"method":".js","native":false},{"column":32,"file":"internal/modules/cjs/loader.js","function":"Module.load","line":977,"method":"load","native":false},{"column":14,"file":"internal/modules/cjs/loader.js","function":"Module._load","line":877,"method":"_load","native":false},{"column":12,"file":"internal/modules/run_main.js","function":"Function.executeUserEntryPoint [as runMain]","line":74,"method":"executeUserEntryPoint [as runMain]","native":false},{"column":47,"file":"internal/main/run_main_module.js","function":null,"line":18,"method":null,"native":false}]}
{"error":{},"level":"error","message":"uncaughtException: Cannot read property 'headers' of undefined\nTypeError: Cannot read property 'headers' of undefined\n    at exports.authenticate (/Users/lilanga/Codebase/resync/country-details-api/middleware/authorize.js:5:26)\n    at module.exports (/Users/lilanga/Codebase/resync/country-details-api/routes/user.routes.js:16:25)\n    at Object.<anonymous> (/Users/lilanga/Codebase/resync/country-details-api/app.js:25:32)\n    at Module._compile (internal/modules/cjs/loader.js:1133:30)\n    at Object.Module._extensions..js (internal/modules/cjs/loader.js:1153:10)\n    at Module.load (internal/modules/cjs/loader.js:977:32)\n    at Function.Module._load (internal/modules/cjs/loader.js:877:14)\n    at Function.executeUserEntryPoint [as runMain] (internal/modules/run_main.js:74:12)\n    at internal/main/run_main_module.js:18:47","stack":"TypeError: Cannot read property 'headers' of undefined\n    at exports.authenticate (/Users/lilanga/Codebase/resync/country-details-api/middleware/authorize.js:5:26)\n    at module.exports (/Users/lilanga/Codebase/resync/country-details-api/routes/user.routes.js:16:25)\n    at Object.<anonymous> (/Users/lilanga/Codebase/resync/country-details-api/app.js:25:32)\n    at Module._compile (internal/modules/cjs/loader.js:1133:30)\n    at Object.Module._extensions..js (internal/modules/cjs/loader.js:1153:10)\n    at Module.load (internal/modules/cjs/loader.js:977:32)\n    at Function.Module._load (internal/modules/cjs/loader.js:877:14)\n    at Function.executeUserEntryPoint [as runMain] (internal/modules/run_main.js:74:12)\n    at internal/main/run_main_module.js:18:47","exception":true,"date":"Thu Apr 29 2021 17:48:54 GMT+0800 (Singapore Standard Time)","process":{"pid":90719,"uid":502,"gid":20,"cwd":"/Users/lilanga/Codebase/resync/country-details-api","execPath":"/Users/lilanga/.nvm/versions/node/v12.16.3/bin/node","version":"v12.16.3","argv":["/Users/lilanga/.nvm/versions/node/v12.16.3/bin/node","/Users/lilanga/Codebase/resync/country-details-api/app.js"],"memoryUsage":{"rss":54464512,"heapTotal":33591296,"heapUsed":18269024,"external":1413177}},"os":{"loadavg":[2.447265625,2.00537109375,1.8486328125],"uptime":2084131},"trace":[{"column":26,"file":"/Users/lilanga/Codebase/resync/country-details-api/middleware/authorize.js","function":"exports.authenticate","line":5,"method":"authenticate","native":false},{"column":25,"file":"/Users/lilanga/Codebase/resync/country-details-api/routes/user.routes.js","function":"module.exports","line":16,"method":"exports","native":false},{"column":32,"file":"/Users/lilanga/Codebase/resync/country-details-api/app.js","function":null,"line":25,"method":null,"native":false},{"column":30,"file":"internal/modules/cjs/loader.js","function":"Module._compile","line":1133,"method":"_compile","native":false},{"column":10,"file":"internal/modules/cjs/loader.js","function":"Module._extensions..js","line":1153,"method":".js","native":false},{"column":32,"file":"internal/modules/cjs/loader.js","function":"Module.load","line":977,"method":"load","native":false},{"column":14,"file":"internal/modules/cjs/loader.js","function":"Module._load","line":877,"method":"_load","native":false},{"column":12,"file":"internal/modules/run_main.js","function":"Function.executeUserEntryPoint [as runMain]","line":74,"method":"executeUserEntryPoint [as runMain]","native":false},{"column":47,"file":"internal/main/run_main_module.js","function":null,"line":18,"method":null,"native":false}]}
{"error":{},"level":"error","message":"uncaughtException: Cannot read property 'headers' of undefined\nTypeError: Cannot read property 'headers' of undefined\n    at exports.authenticate (/Users/lilanga/Codebase/resync/country-details-api/middleware/authorize.js:5:26)\n    at module.exports (/Users/lilanga/Codebase/resync/country-details-api/routes/user.routes.js:16:25)\n    at Object.<anonymous> (/Users/lilanga/Codebase/resync/country-details-api/app.js:25:32)\n    at Module._compile (internal/modules/cjs/loader.js:1133:30)\n    at Object.Module._extensions..js (internal/modules/cjs/loader.js:1153:10)\n    at Module.load (internal/modules/cjs/loader.js:977:32)\n    at Function.Module._load (internal/modules/cjs/loader.js:877:14)\n    at Function.executeUserEntryPoint [as runMain] (internal/modules/run_main.js:74:12)\n    at internal/main/run_main_module.js:18:47","stack":"TypeError: Cannot read property 'headers' of undefined\n    at exports.authenticate (/Users/lilanga/Codebase/resync/country-details-api/middleware/authorize.js:5:26)\n    at module.exports (/Users/lilanga/Codebase/resync/country-details-api/routes/user.routes.js:16:25)\n    at Object.<anonymous> (/Users/lilanga/Codebase/resync/country-details-api/app.js:25:32)\n    at Module._compile (internal/modules/cjs/loader.js:1133:30)\n    at Object.Module._extensions..js (internal/modules/cjs/loader.js:1153:10)\n    at Module.load (internal/modules/cjs/loader.js:977:32)\n    at Function.Module._load (internal/modules/cjs/loader.js:877:14)\n    at Function.executeUserEntryPoint [as runMain] (internal/modules/run_main.js:74:12)\n    at internal/main/run_main_module.js:18:47","exception":true,"date":"Thu Apr 29 2021 17:49:28 GMT+0800 (Singapore Standard Time)","process":{"pid":90733,"uid":502,"gid":20,"cwd":"/Users/lilanga/Codebase/resync/country-details-api","execPath":"/Users/lilanga/.nvm/versions/node/v12.16.3/bin/node","version":"v12.16.3","argv":["/Users/lilanga/.nvm/versions/node/v12.16.3/bin/node","/Users/lilanga/Codebase/resync/country-details-api/app.js"],"memoryUsage":{"rss":57778176,"heapTotal":33669120,"heapUsed":15407400,"external":1359245}},"os":{"loadavg":[2.40478515625,2.02294921875,1.859375],"uptime":2084165},"trace":[{"column":26,"file":"/Users/lilanga/Codebase/resync/country-details-api/middleware/authorize.js","function":"exports.authenticate","line":5,"method":"authenticate","native":false},{"column":25,"file":"/Users/lilanga/Codebase/resync/country-details-api/routes/user.routes.js","function":"module.exports","line":16,"method":"exports","native":false},{"column":32,"file":"/Users/lilanga/Codebase/resync/country-details-api/app.js","function":null,"line":25,"method":null,"native":false},{"column":30,"file":"internal/modules/cjs/loader.js","function":"Module._compile","line":1133,"method":"_compile","native":false},{"column":10,"file":"internal/modules/cjs/loader.js","function":"Module._extensions..js","line":1153,"method":".js","native":false},{"column":32,"file":"internal/modules/cjs/loader.js","function":"Module.load","line":977,"method":"load","native":false},{"column":14,"file":"internal/modules/cjs/loader.js","function":"Module._load","line":877,"method":"_load","native":false},{"column":12,"file":"internal/modules/run_main.js","function":"Function.executeUserEntryPoint [as runMain]","line":74,"method":"executeUserEntryPoint [as runMain]","native":false},{"column":47,"file":"internal/main/run_main_module.js","function":null,"line":18,"method":null,"native":false}]}
{"message":"Server is listning on port 4000.","level":"info"}
{"message":"::1 - - [29/Apr/2021:09:51:03 +0000] \"GET /api/users/jhon@test.com HTTP/1.1\" 403 142 \"-\" \"PostmanRuntime/7.26.8\"\n","level":"info"}
{"message":"::1 - - [29/Apr/2021:09:51:56 +0000] \"GET /api/users/jhon@test.com HTTP/1.1\" 403 142 \"-\" \"PostmanRuntime/7.26.8\"\n","level":"info"}
{"error":{},"level":"error","message":"uncaughtException: Unexpected token ')'\n/Users/lilanga/Codebase/resync/country-details-api/middleware/authorize.js:9\n  }).catch((err) => next({ status: 403, message: err.message }));\n   ^\n\nSyntaxError: Unexpected token ')'\n    at wrapSafe (internal/modules/cjs/loader.js:1047:16)\n    at Module._compile (internal/modules/cjs/loader.js:1097:27)\n    at Object.Module._extensions..js (internal/modules/cjs/loader.js:1153:10)\n    at Module.load (internal/modules/cjs/loader.js:977:32)\n    at Function.Module._load (internal/modules/cjs/loader.js:877:14)\n    at Module.require (internal/modules/cjs/loader.js:1019:19)\n    at require (internal/modules/cjs/helpers.js:77:18)\n    at Object.<anonymous> (/Users/lilanga/Codebase/resync/country-details-api/routes/user.routes.js:3:26)\n    at Module._compile (internal/modules/cjs/loader.js:1133:30)\n    at Object.Module._extensions..js (internal/modules/cjs/loader.js:1153:10)","stack":"/Users/lilanga/Codebase/resync/country-details-api/middleware/authorize.js:9\n  }).catch((err) => next({ status: 403, message: err.message }));\n   ^\n\nSyntaxError: Unexpected token ')'\n    at wrapSafe (internal/modules/cjs/loader.js:1047:16)\n    at Module._compile (internal/modules/cjs/loader.js:1097:27)\n    at Object.Module._extensions..js (internal/modules/cjs/loader.js:1153:10)\n    at Module.load (internal/modules/cjs/loader.js:977:32)\n    at Function.Module._load (internal/modules/cjs/loader.js:877:14)\n    at Module.require (internal/modules/cjs/loader.js:1019:19)\n    at require (internal/modules/cjs/helpers.js:77:18)\n    at Object.<anonymous> (/Users/lilanga/Codebase/resync/country-details-api/routes/user.routes.js:3:26)\n    at Module._compile (internal/modules/cjs/loader.js:1133:30)\n    at Object.Module._extensions..js (internal/modules/cjs/loader.js:1153:10)","exception":true,"date":"Thu Apr 29 2021 17:53:22 GMT+0800 (Singapore Standard Time)","process":{"pid":90765,"uid":502,"gid":20,"cwd":"/Users/lilanga/Codebase/resync/country-details-api","execPath":"/Users/lilanga/.nvm/versions/node/v12.16.3/bin/node","version":"v12.16.3","argv":["/Users/lilanga/.nvm/versions/node/v12.16.3/bin/node","/Users/lilanga/Codebase/resync/country-details-api/app.js"],"memoryUsage":{"rss":54222848,"heapTotal":33067008,"heapUsed":18233688,"external":1356268}},"os":{"loadavg":[1.341796875,1.6591796875,1.72998046875],"uptime":2084399},"trace":[{"column":16,"file":"internal/modules/cjs/loader.js","function":"wrapSafe","line":1047,"method":null,"native":false},{"column":27,"file":"internal/modules/cjs/loader.js","function":"Module._compile","line":1097,"method":"_compile","native":false},{"column":10,"file":"internal/modules/cjs/loader.js","function":"Module._extensions..js","line":1153,"method":".js","native":false},{"column":32,"file":"internal/modules/cjs/loader.js","function":"Module.load","line":977,"method":"load","native":false},{"column":14,"file":"internal/modules/cjs/loader.js","function":"Module._load","line":877,"method":"_load","native":false},{"column":19,"file":"internal/modules/cjs/loader.js","function":"Module.require","line":1019,"method":"require","native":false},{"column":18,"file":"internal/modules/cjs/helpers.js","function":"require","line":77,"method":null,"native":false},{"column":26,"file":"/Users/lilanga/Codebase/resync/country-details-api/routes/user.routes.js","function":null,"line":3,"method":null,"native":false},{"column":30,"file":"internal/modules/cjs/loader.js","function":"Module._compile","line":1133,"method":"_compile","native":false},{"column":10,"file":"internal/modules/cjs/loader.js","function":"Module._extensions..js","line":1153,"method":".js","native":false}]}
{"message":"Server is listning on port 4000.","level":"info"}
{"message":"::1 - - [29/Apr/2021:09:53:58 +0000] \"GET /api/users/jhon@test.com HTTP/1.1\" 403 142 \"-\" \"PostmanRuntime/7.26.8\"\n","level":"info"}
{"message":"::1 - - [29/Apr/2021:09:55:12 +0000] \"GET /api/users/jhon@test.com HTTP/1.1\" 403 142 \"-\" \"PostmanRuntime/7.26.8\"\n","level":"info"}
{"message":"Server is listning on port 4000.","level":"info"}
{"message":"::1 - - [29/Apr/2021:09:56:18 +0000] \"GET /api/users/jhon@test.com HTTP/1.1\" 401 34 \"-\" \"PostmanRuntime/7.26.8\"\n","level":"info"}
{"message":"Server is listning on port 4000.","level":"info"}
{"message":"::1 - - [29/Apr/2021:09:57:02 +0000] \"GET /api/users/jhon@test.com HTTP/1.1\" 401 26 \"-\" \"PostmanRuntime/7.26.8\"\n","level":"info"}
{"name":"JsonWebTokenError","message":"invalid signature","level":"error"}
{"message":"::1 - - [29/Apr/2021:09:57:54 +0000] \"POST /api/users/refresh HTTP/1.1\" 500 31 \"-\" \"PostmanRuntime/7.26.8\"\n","level":"info"}
{"message":"::1 - - [29/Apr/2021:09:58:11 +0000] \"GET /api/users/jhon@test.com HTTP/1.1\" 401 27 \"-\" \"PostmanRuntime/7.26.8\"\n","level":"info"}
{"message":"::1 - - [29/Apr/2021:09:58:39 +0000] \"POST /api/users/refresh HTTP/1.1\" 200 499 \"-\" \"PostmanRuntime/7.26.8\"\n","level":"info"}
{"message":"::1 - - [29/Apr/2021:09:58:58 +0000] \"GET /api/users/jhon@test.com HTTP/1.1\" 401 27 \"-\" \"PostmanRuntime/7.26.8\"\n","level":"info"}
{"message":"::1 - - [29/Apr/2021:10:00:08 +0000] \"GET /api/users/jhon@test.com HTTP/1.1\" 401 27 \"-\" \"PostmanRuntime/7.26.8\"\n","level":"info"}
{"message":"Server is listning on port 4000.","level":"info"}
{"message":"::1 - - [29/Apr/2021:10:04:29 +0000] \"GET /api/users/jhon@test.com HTTP/1.1\" 401 26 \"-\" \"PostmanRuntime/7.26.8\"\n","level":"info"}
{"message":"Server is listning on port 4000.","level":"info"}
{"message":"::1 - - [29/Apr/2021:10:05:44 +0000] \"GET /api/users/jhon@test.com HTTP/1.1\" 401 25 \"-\" \"PostmanRuntime/7.26.8\"\n","level":"info"}
{"message":"Server is listning on port 4000.","level":"info"}
{"message":"::1 - - [29/Apr/2021:10:06:00 +0000] \"GET /api/users/jhon@test.com HTTP/1.1\" 401 25 \"-\" \"PostmanRuntime/7.26.8\"\n","level":"info"}
{"message":"::1 - 7bema8lrmt2ifo9e66l3k7l6qj [29/Apr/2021:10:06:49 +0000] \"GET /api/users/jhon@test.com HTTP/1.1\" 401 27 \"-\" \"PostmanRuntime/7.26.8\"\n","level":"info"}
{"message":"Server is listning on port 4000.","level":"info"}
{"message":"::1 - 7bema8lrmt2ifo9e66l3k7l6qj [29/Apr/2021:10:07:59 +0000] \"GET /api/users/jhon@test.com HTTP/1.1\" 401 27 \"-\" \"PostmanRuntime/7.26.8\"\n","level":"info"}
{"message":"Server is listning on port 4000.","level":"info"}
{"message":"::1 - 7bema8lrmt2ifo9e66l3k7l6qj [29/Apr/2021:10:08:36 +0000] \"GET /api/users/jhon@test.com HTTP/1.1\" 401 27 \"-\" \"PostmanRuntime/7.26.8\"\n","level":"info"}
{"message":"Server is listning on port 4000.","level":"info"}
{"message":"Server is listning on port 4000.","level":"info"}
{"message":"::1 - 7bema8lrmt2ifo9e66l3k7l6qj [29/Apr/2021:10:11:06 +0000] \"GET /api/users/jhon@test.com HTTP/1.1\" 401 27 \"-\" \"PostmanRuntime/7.26.8\"\n","level":"info"}
{"message":"::1 - 7bema8lrmt2ifo9e66l3k7l6qj [29/Apr/2021:10:11:17 +0000] \"GET /api/users/jhon@test.com HTTP/1.1\" 401 27 \"-\" \"PostmanRuntime/7.26.8\"\n","level":"info"}
{"message":"Server is listning on port 4000.","level":"info"}
{"message":"::1 - 7bema8lrmt2ifo9e66l3k7l6qj [29/Apr/2021:10:13:11 +0000] \"GET /api/users/jhon@test.com HTTP/1.1\" 401 27 \"-\" \"PostmanRuntime/7.26.8\"\n","level":"info"}
{"message":"Server is listning on port 4000.","level":"info"}
{"message":"::1 - 7bema8lrmt2ifo9e66l3k7l6qj [29/Apr/2021:10:14:40 +0000] \"GET /api/users/jhon@test.com HTTP/1.1\" 401 27 \"-\" \"PostmanRuntime/7.26.8\"\n","level":"info"}
{"message":"::1 - - [29/Apr/2021:10:14:48 +0000] \"GET /api/users/jhon@test.com HTTP/1.1\" 401 26 \"-\" \"PostmanRuntime/7.26.8\"\n","level":"info"}
{"message":"::1 - - [29/Apr/2021:10:15:04 +0000] \"GET /api/users/jhon@test.com HTTP/1.1\" 401 27 \"-\" \"PostmanRuntime/7.26.8\"\n","level":"info"}
{"message":"::1 - - [29/Apr/2021:10:15:10 +0000] \"GET /api/users/jhon@test.com HTTP/1.1\" 401 27 \"-\" \"PostmanRuntime/7.26.8\"\n","level":"info"}
{"message":"::1 - - [29/Apr/2021:10:15:37 +0000] \"GET /api/users/jhon@test.com HTTP/1.1\" 401 27 \"-\" \"PostmanRuntime/7.26.8\"\n","level":"info"}
{"message":"::1 - - [29/Apr/2021:10:15:49 +0000] \"POST /api/users/refresh HTTP/1.1\" 200 499 \"-\" \"PostmanRuntime/7.26.8\"\n","level":"info"}
{"message":"::1 - - [29/Apr/2021:10:16:07 +0000] \"GET /api/users/jhon@test.com HTTP/1.1\" 401 27 \"-\" \"PostmanRuntime/7.26.8\"\n","level":"info"}
{"message":"::1 - - [29/Apr/2021:10:16:29 +0000] \"GET /api/users/jhon@test.com HTTP/1.1\" 401 27 \"-\" \"PostmanRuntime/7.26.8\"\n","level":"info"}
{"message":"::1 - - [29/Apr/2021:10:16:55 +0000] \"POST /api/users/refresh HTTP/1.1\" 200 499 \"-\" \"PostmanRuntime/7.26.8\"\n","level":"info"}
{"message":"::1 - - [29/Apr/2021:10:17:26 +0000] \"GET /api/users/jhon@test.com HTTP/1.1\" 401 27 \"-\" \"PostmanRuntime/7.26.8\"\n","level":"info"}
{"message":"Server is listning on port 4000.","level":"info"}
{"message":"::1 - - [29/Apr/2021:10:17:49 +0000] \"GET /api/users/jhon@test.com HTTP/1.1\" 200 99 \"-\" \"PostmanRuntime/7.26.8\"\n","level":"info"}
{"message":"Server is listning on port 4000.","level":"info"}
{"message":"::1 - - [29/Apr/2021:10:19:56 +0000] \"GET /api/users/jhon@test.com HTTP/1.1\" 200 25 \"-\" \"PostmanRuntime/7.26.8\"\n","level":"info"}
{"message":"Server is listning on port 4000.","level":"info"}
{"message":"::1 - - [29/Apr/2021:10:22:44 +0000] \"POST /api/users/token-refresh HTTP/1.1\" 200 499 \"-\" \"PostmanRuntime/7.26.8\"\n","level":"info"}
{"message":"Server is listning on port 4000.","level":"info"}
{"message":"::1 - - [29/Apr/2021:11:21:44 +0000] \"GET /api/users/jhon@test.com HTTP/1.1\" 401 26 \"-\" \"Mozilla/5.0 (Macintosh; Intel Mac OS X 11_2_3) AppleWebKit/537.36 (KHTML, like Gecko) Chrome/89.0.4389.114 Safari/537.36 Edg/89.0.774.68\"\n","level":"info"}
{"message":"Server is listning on port 4000.","level":"info"}
{"message":"Server is listning on port 4000.","level":"info"}
{"message":"Server is listning on port 4000.","level":"info"}
{"message":"Server is listning on port 4000.","level":"info"}
{"message":"Server is listning on port 4000.","level":"info"}
{"message":"Server is listning on port 4000.","level":"info"}
{"message":"Server is listning on port 4000.","level":"info"}
{"message":"Server is listning on port 4000.","level":"info"}
{"message":"Server is listning on port 4000.","level":"info"}
{"message":"::1 - - [29/Apr/2021:12:05:54 +0000] \"POST /api/users/token-refresh HTTP/1.1\" 200 499 \"-\" \"PostmanRuntime/7.26.8\"\n","level":"info"}
{"message":"::1 - - [29/Apr/2021:12:06:24 +0000] \"GET /api/country HTTP/1.1\" 404 150 \"-\" \"PostmanRuntime/7.26.8\"\n","level":"info"}
{"message":"Server is listning on port 4000.","level":"info"}
{"message":"::1 - - [29/Apr/2021:12:07:26 +0000] \"GET /api/country HTTP/1.1\" 200 2 \"-\" \"PostmanRuntime/7.26.8\"\n","level":"info"}
{"message":"::1 - - [29/Apr/2021:12:08:55 +0000] \"GET /api/country HTTP/1.1\" 200 2 \"-\" \"PostmanRuntime/7.26.8\"\n","level":"info"}
{"message":"Server is listning on port 4000.","level":"info"}
{"message":"::1 - - [29/Apr/2021:12:10:11 +0000] \"GET /api/country HTTP/1.1\" 200 70 \"-\" \"PostmanRuntime/7.26.8\"\n","level":"info"}
{"message":"Server is listning on port 4000.","level":"info"}
{"message":"Server is listning on port 4000.","level":"info"}
{"error":{},"level":"error","message":"uncaughtException: app.use is not a function\nTypeError: app.use is not a function\n    at module.exports (/Users/lilanga/Codebase/resync/country-details-api/routes/user.routes.js:21:7)\n    at module.exports (/Users/lilanga/Codebase/resync/country-details-api/routes/index.routes.js:5:15)\n    at Object.<anonymous> (/Users/lilanga/Codebase/resync/country-details-api/app.js:25:33)\n    at Module._compile (internal/modules/cjs/loader.js:1133:30)\n    at Object.Module._extensions..js (internal/modules/cjs/loader.js:1153:10)\n    at Module.load (internal/modules/cjs/loader.js:977:32)\n    at Function.Module._load (internal/modules/cjs/loader.js:877:14)\n    at Function.executeUserEntryPoint [as runMain] (internal/modules/run_main.js:74:12)\n    at internal/main/run_main_module.js:18:47","stack":"TypeError: app.use is not a function\n    at module.exports (/Users/lilanga/Codebase/resync/country-details-api/routes/user.routes.js:21:7)\n    at module.exports (/Users/lilanga/Codebase/resync/country-details-api/routes/index.routes.js:5:15)\n    at Object.<anonymous> (/Users/lilanga/Codebase/resync/country-details-api/app.js:25:33)\n    at Module._compile (internal/modules/cjs/loader.js:1133:30)\n    at Object.Module._extensions..js (internal/modules/cjs/loader.js:1153:10)\n    at Module.load (internal/modules/cjs/loader.js:977:32)\n    at Function.Module._load (internal/modules/cjs/loader.js:877:14)\n    at Function.executeUserEntryPoint [as runMain] (internal/modules/run_main.js:74:12)\n    at internal/main/run_main_module.js:18:47","exception":true,"date":"Thu Apr 29 2021 20:15:55 GMT+0800 (Singapore Standard Time)","process":{"pid":91709,"uid":502,"gid":20,"cwd":"/Users/lilanga/Codebase/resync/country-details-api","execPath":"/Users/lilanga/.nvm/versions/node/v12.16.3/bin/node","version":"v12.16.3","argv":["/Users/lilanga/.nvm/versions/node/v12.16.3/bin/node","/Users/lilanga/Codebase/resync/country-details-api/app.js"],"memoryUsage":{"rss":54505472,"heapTotal":33329152,"heapUsed":18319152,"external":1356268}},"os":{"loadavg":[1.7744140625,1.849609375,1.81787109375],"uptime":2092952},"trace":[{"column":7,"file":"/Users/lilanga/Codebase/resync/country-details-api/routes/user.routes.js","function":"module.exports","line":21,"method":"exports","native":false},{"column":15,"file":"/Users/lilanga/Codebase/resync/country-details-api/routes/index.routes.js","function":"module.exports","line":5,"method":"exports","native":false},{"column":33,"file":"/Users/lilanga/Codebase/resync/country-details-api/app.js","function":null,"line":25,"method":null,"native":false},{"column":30,"file":"internal/modules/cjs/loader.js","function":"Module._compile","line":1133,"method":"_compile","native":false},{"column":10,"file":"internal/modules/cjs/loader.js","function":"Module._extensions..js","line":1153,"method":".js","native":false},{"column":32,"file":"internal/modules/cjs/loader.js","function":"Module.load","line":977,"method":"load","native":false},{"column":14,"file":"internal/modules/cjs/loader.js","function":"Module._load","line":877,"method":"_load","native":false},{"column":12,"file":"internal/modules/run_main.js","function":"Function.executeUserEntryPoint [as runMain]","line":74,"method":"executeUserEntryPoint [as runMain]","native":false},{"column":47,"file":"internal/main/run_main_module.js","function":null,"line":18,"method":null,"native":false}]}
{"message":"Server is listning on port 4000.","level":"info"}
{"message":"::1 - - [29/Apr/2021:12:17:58 +0000] \"GET /api/country HTTP/1.1\" 401 25 \"-\" \"PostmanRuntime/7.26.8\"\n","level":"info"}
{"message":"::1 - - [29/Apr/2021:12:18:05 +0000] \"POST /api/users/token-refresh HTTP/1.1\" 200 499 \"-\" \"PostmanRuntime/7.26.8\"\n","level":"info"}
{"message":"::1 - - [29/Apr/2021:12:18:25 +0000] \"GET /api/country HTTP/1.1\" 200 70 \"-\" \"PostmanRuntime/7.26.8\"\n","level":"info"}
{"message":"Server is listning on port 4000.","level":"info"}
{"message":"missing parameter: name and gmtOffset cannot be empty.","level":"error"}
{"message":"::1 - - [29/Apr/2021:12:20:37 +0000] \"POST /api/country HTTP/1.1\" 400 68 \"-\" \"PostmanRuntime/7.26.8\"\n","level":"info"}
{"message":"missing parameter: name and gmtOffset cannot be empty.","level":"error"}
{"message":"::1 - - [29/Apr/2021:12:21:50 +0000] \"POST /api/country HTTP/1.1\" 400 68 \"-\" \"PostmanRuntime/7.26.8\"\n","level":"info"}
{"message":"::1 - - [29/Apr/2021:12:21:59 +0000] \"POST /api/country HTTP/1.1\" 201 56 \"-\" \"PostmanRuntime/7.26.8\"\n","level":"info"}
{"message":"::1 - - [29/Apr/2021:12:22:36 +0000] \"GET /api/country HTTP/1.1\" 200 101 \"-\" \"PostmanRuntime/7.26.8\"\n","level":"info"}
{"name":"SequelizeUniqueConstraintError","errors":[{"message":"PRIMARY must be unique","type":"unique violation","path":"PRIMARY","value":"UK","origin":"DB","instance":{"name":"UK","gmtOffset":10},"validatorKey":"not_unique","validatorName":null,"validatorArgs":[]}],"fields":{"PRIMARY":"UK"},"parent":{"code":"ER_DUP_ENTRY","errno":1062,"sqlState":"23000","sqlMessage":"Duplicate entry 'UK' for key 'PRIMARY'","sql":"INSERT INTO `countrydetails` (`name`,`gmtOffset`) VALUES (?,?);","parameters":["UK",10]},"original":{"code":"ER_DUP_ENTRY","errno":1062,"sqlState":"23000","sqlMessage":"Duplicate entry 'UK' for key 'PRIMARY'","sql":"INSERT INTO `countrydetails` (`name`,`gmtOffset`) VALUES (?,?);","parameters":["UK",10]},"sql":"INSERT INTO `countrydetails` (`name`,`gmtOffset`) VALUES (?,?);","level":"error"}
{"message":"::1 - - [29/Apr/2021:12:22:52 +0000] \"POST /api/country HTTP/1.1\" 500 30 \"-\" \"PostmanRuntime/7.26.8\"\n","level":"info"}
{"message":"Server is listning on port 4000.","level":"info"}
{"message":"Server is listning on port 4000.","level":"info"}
{"message":"::1 - - [29/Apr/2021:12:51:04 +0000] \"POST /api/users/auth HTTP/1.1\" 404 154 \"-\" \"PostmanRuntime/7.26.8\"\n","level":"info"}
{"message":"::1 - - [29/Apr/2021:12:51:10 +0000] \"POST /api/users/auth HTTP/1.1\" 404 154 \"-\" \"PostmanRuntime/7.26.8\"\n","level":"info"}
{"error":{},"level":"error","message":"uncaughtException: userRoutes(...) is not a function\nTypeError: userRoutes(...) is not a function\n    at module.exports (/Users/lilanga/Codebase/resync/country-details-api/routes/index.routes.js:5:18)\n    at Object.<anonymous> (/Users/lilanga/Codebase/resync/country-details-api/app.js:25:33)\n    at Module._compile (internal/modules/cjs/loader.js:1133:30)\n    at Object.Module._extensions..js (internal/modules/cjs/loader.js:1153:10)\n    at Module.load (internal/modules/cjs/loader.js:977:32)\n    at Function.Module._load (internal/modules/cjs/loader.js:877:14)\n    at Function.executeUserEntryPoint [as runMain] (internal/modules/run_main.js:74:12)\n    at internal/main/run_main_module.js:18:47","stack":"TypeError: userRoutes(...) is not a function\n    at module.exports (/Users/lilanga/Codebase/resync/country-details-api/routes/index.routes.js:5:18)\n    at Object.<anonymous> (/Users/lilanga/Codebase/resync/country-details-api/app.js:25:33)\n    at Module._compile (internal/modules/cjs/loader.js:1133:30)\n    at Object.Module._extensions..js (internal/modules/cjs/loader.js:1153:10)\n    at Module.load (internal/modules/cjs/loader.js:977:32)\n    at Function.Module._load (internal/modules/cjs/loader.js:877:14)\n    at Function.executeUserEntryPoint [as runMain] (internal/modules/run_main.js:74:12)\n    at internal/main/run_main_module.js:18:47","exception":true,"date":"Thu Apr 29 2021 20:52:05 GMT+0800 (Singapore Standard Time)","process":{"pid":91993,"uid":502,"gid":20,"cwd":"/Users/lilanga/Codebase/resync/country-details-api","execPath":"/Users/lilanga/.nvm/versions/node/v12.16.3/bin/node","version":"v12.16.3","argv":["/Users/lilanga/.nvm/versions/node/v12.16.3/bin/node","/Users/lilanga/Codebase/resync/country-details-api/app.js"],"memoryUsage":{"rss":54300672,"heapTotal":33329152,"heapUsed":18316584,"external":1356268}},"os":{"loadavg":[2.17431640625,2.00537109375,1.95458984375],"uptime":2095122},"trace":[{"column":18,"file":"/Users/lilanga/Codebase/resync/country-details-api/routes/index.routes.js","function":"module.exports","line":5,"method":"exports","native":false},{"column":33,"file":"/Users/lilanga/Codebase/resync/country-details-api/app.js","function":null,"line":25,"method":null,"native":false},{"column":30,"file":"internal/modules/cjs/loader.js","function":"Module._compile","line":1133,"method":"_compile","native":false},{"column":10,"file":"internal/modules/cjs/loader.js","function":"Module._extensions..js","line":1153,"method":".js","native":false},{"column":32,"file":"internal/modules/cjs/loader.js","function":"Module.load","line":977,"method":"load","native":false},{"column":14,"file":"internal/modules/cjs/loader.js","function":"Module._load","line":877,"method":"_load","native":false},{"column":12,"file":"internal/modules/run_main.js","function":"Function.executeUserEntryPoint [as runMain]","line":74,"method":"executeUserEntryPoint [as runMain]","native":false},{"column":47,"file":"internal/main/run_main_module.js","function":null,"line":18,"method":null,"native":false}]}
{"message":"Server is listning on port 4000.","level":"info"}
{"message":"::1 - - [29/Apr/2021:12:53:20 +0000] \"POST /api/users/auth HTTP/1.1\" 404 154 \"-\" \"PostmanRuntime/7.26.8\"\n","level":"info"}
{"message":"Server is listning on port 4000.","level":"info"}
{"name":"SequelizeUniqueConstraintError","errors":[{"message":"PRIMARY must be unique","type":"unique violation","path":"PRIMARY","value":"peter@test.com","origin":"DB","instance":{"email":"peter@test.com","password":"$2a$08$VyTSQ39hxblxNfEl5Fdn4.PYRhWA2gtYFjsxXQt6x0tptgd05OAr."},"validatorKey":"not_unique","validatorName":null,"validatorArgs":[]}],"fields":{"PRIMARY":"peter@test.com"},"parent":{"code":"ER_DUP_ENTRY","errno":1062,"sqlState":"23000","sqlMessage":"Duplicate entry 'peter@test.com' for key 'PRIMARY'","sql":"INSERT INTO `users` (`email`,`password`) VALUES (?,?);","parameters":["peter@test.com","$2a$08$VyTSQ39hxblxNfEl5Fdn4.PYRhWA2gtYFjsxXQt6x0tptgd05OAr."]},"original":{"code":"ER_DUP_ENTRY","errno":1062,"sqlState":"23000","sqlMessage":"Duplicate entry 'peter@test.com' for key 'PRIMARY'","sql":"INSERT INTO `users` (`email`,`password`) VALUES (?,?);","parameters":["peter@test.com","$2a$08$VyTSQ39hxblxNfEl5Fdn4.PYRhWA2gtYFjsxXQt6x0tptgd05OAr."]},"sql":"INSERT INTO `users` (`email`,`password`) VALUES (?,?);","level":"error"}
{"message":"::1 - - [29/Apr/2021:12:54:54 +0000] \"POST /api/users/signup HTTP/1.1\" 500 30 \"-\" \"PostmanRuntime/7.26.8\"\n","level":"info"}
{"message":"Server is listning on port 4000.","level":"info"}
{"message":"::1 - - [29/Apr/2021:13:29:33 +0000] \"POST /api/users/token HTTP/1.1\" 200 499 \"-\" \"PostmanRuntime/7.26.8\"\n","level":"info"}
{"message":"Server is listning on port 4000.","level":"info"}
{"message":"::1 - - [29/Apr/2021:13:56:52 +0000] \"POST /api/users/token HTTP/1.1\" 200 499 \"-\" \"PostmanRuntime/7.26.8\"\n","level":"info"}
